z:\my documents\matlab\airtablesim\phidget\phidget_library\phidget_library\x64\debug\vc140.pdb
z:\my documents\matlab\airtablesim\phidget\phidget_library\x64\debug\phidget_library.pdb
z:\my documents\matlab\airtablesim\phidget\phidget_library\x64\debug\phidget_library.lib
z:\my documents\matlab\airtablesim\phidget\phidget_library\x64\debug\phidget_library.exp
z:\my documents\matlab\airtablesim\phidget\phidget_library\phidget_library\x64\debug\accelerometer.obj
z:\my documents\matlab\airtablesim\phidget\phidget_library\phidget_library\x64\debug\dllmain.obj
z:\my documents\matlab\airtablesim\phidget\phidget_library\phidget_library\x64\debug\phidgethelperfunctions.obj
z:\my documents\matlab\airtablesim\phidget\phidget_library\phidget_library\x64\debug\phidget_library.obj
z:\my documents\matlab\airtablesim\phidget\phidget_library\phidget_library\x64\debug\stdafx.obj
z:\my documents\matlab\airtablesim\phidget\phidget_library\phidget_library\x64\debug\phidget_library.pch
z:\my documents\matlab\airtablesim\phidget\phidget_library\phidget_library\x64\debug\vc140.idb
z:\my documents\matlab\airtablesim\phidget\phidget_library\x64\debug\phidget_library.dll
z:\my documents\matlab\airtablesim\phidget\phidget_library\x64\debug\phidget_library.ilk
z:\my documents\matlab\airtablesim\phidget\phidget_library\phidget_library\x64\debug\phidget_library.tlog\cl.command.1.tlog
z:\my documents\matlab\airtablesim\phidget\phidget_library\phidget_library\x64\debug\phidget_library.tlog\cl.read.1.tlog
z:\my documents\matlab\airtablesim\phidget\phidget_library\phidget_library\x64\debug\phidget_library.tlog\cl.write.1.tlog
z:\my documents\matlab\airtablesim\phidget\phidget_library\phidget_library\x64\debug\phidget_library.tlog\link.command.1.tlog
z:\my documents\matlab\airtablesim\phidget\phidget_library\phidget_library\x64\debug\phidget_library.tlog\link.read.1.tlog
z:\my documents\matlab\airtablesim\phidget\phidget_library\phidget_library\x64\debug\phidget_library.tlog\link.write.1.tlog
z:\my documents\matlab\airtablesim\phidget\phidget_library\phidget_library\x64\debug\phidget_library.tlog\phidget_library.write.1u.tlog
